26-07-2023 12:23:52.070 INFO  [http-nio-8080-exec-2] c.a.s.util.logger.LoggingAspect.logAllMethodCallsAdvice : From ResponseEntity com.ale.sneakerstoreapi.controller.AuthController.refresh(RefreshTokenInput) is 2023-07-26T05:23:52.068Z
26-07-2023 12:23:52.324 INFO  [http-nio-8080-exec-2] c.a.s.util.logger.LoggingAspect.logAllMethodCallsAdvice : - To ResponseEntity com.ale.sneakerstoreapi.controller.AuthController.refresh(RefreshTokenInput) is 256
26-07-2023 12:24:57.949 INFO  [http-nio-8080-exec-5] c.a.s.util.logger.LoggingAspect.logAllMethodCallsAdvice : From String com.ale.sneakerstoreapi.controller.PaypalController.addDefault(PaypalInput) is 2023-07-26T05:24:57.949Z
26-07-2023 12:24:58.497 INFO  [http-nio-8080-exec-5] c.a.s.util.logger.LoggingAspect.logAllMethodCallsAdvice : - To String com.ale.sneakerstoreapi.controller.PaypalController.addDefault(PaypalInput) is 547
26-07-2023 12:25:45.455 INFO  [http-nio-8080-exec-1] c.a.s.util.logger.LoggingAspect.logAllMethodCallsAdvice : From String com.ale.sneakerstoreapi.controller.PaypalController.addDefault(PaypalInput) is 2023-07-26T05:25:45.454Z
26-07-2023 12:25:45.602 INFO  [http-nio-8080-exec-1] c.a.s.util.logger.LoggingAspect.logAllMethodCallsAdvice : - To String com.ale.sneakerstoreapi.controller.PaypalController.addDefault(PaypalInput) is 148
26-07-2023 12:35:20.252 INFO  [http-nio-8080-exec-2] c.a.s.util.logger.LoggingAspect.logAllMethodCallsAdvice : From String com.ale.sneakerstoreapi.controller.PaypalController.addDefault(PaypalInput) is 2023-07-26T05:35:20.252Z
26-07-2023 12:35:20.404 INFO  [http-nio-8080-exec-2] c.a.s.util.logger.LoggingAspect.logAllMethodCallsAdvice : - To String com.ale.sneakerstoreapi.controller.PaypalController.addDefault(PaypalInput) is 152
26-07-2023 13:50:14.137 INFO  [http-nio-8080-exec-2] c.a.s.util.logger.LoggingAspect.logAllMethodCallsAdvice : From ResponseEntity com.ale.sneakerstoreapi.controller.AuthController.login(AuthRequest) is 2023-07-26T06:50:14.136Z
26-07-2023 13:50:14.320 INFO  [http-nio-8080-exec-2] c.a.s.util.logger.LoggingAspect.logAllMethodCallsAdvice : - To ResponseEntity com.ale.sneakerstoreapi.controller.AuthController.login(AuthRequest) is 184
26-07-2023 13:50:18.330 INFO  [http-nio-8080-exec-3] c.a.s.util.logger.LoggingAspect.logAllMethodCallsAdvice : From ResponseEntity com.ale.sneakerstoreapi.controller.AuthController.refresh(RefreshTokenInput) is 2023-07-26T06:50:18.330Z
26-07-2023 13:50:18.381 INFO  [http-nio-8080-exec-3] c.a.s.util.logger.LoggingAspect.logAllMethodCallsAdvice : - To ResponseEntity com.ale.sneakerstoreapi.controller.AuthController.refresh(RefreshTokenInput) is 51
26-07-2023 13:55:35.360 INFO  [http-nio-8080-exec-3] c.a.s.util.logger.LoggingAspect.logAllMethodCallsAdvice : From String com.ale.sneakerstoreapi.controller.PaypalController.addDefault(PaypalInput) is 2023-07-26T06:55:35.360Z
26-07-2023 13:58:12.509 INFO  [http-nio-8080-exec-2] c.a.s.util.logger.LoggingAspect.logAllMethodCallsAdvice : From String com.ale.sneakerstoreapi.controller.PaypalController.addDefault(PaypalInput) is 2023-07-26T06:58:12.508Z
26-07-2023 13:58:57.084 INFO  [http-nio-8080-exec-6] c.a.s.util.logger.LoggingAspect.logAllMethodCallsAdvice : From String com.ale.sneakerstoreapi.controller.PaypalController.addDefault(PaypalInput) is 2023-07-26T06:58:57.084Z
26-07-2023 14:00:57.764 INFO  [http-nio-8080-exec-2] c.a.s.util.logger.LoggingAspect.logAllMethodCallsAdvice : From String com.ale.sneakerstoreapi.controller.PaypalController.addDefault(PaypalInput) is 2023-07-26T07:00:57.763Z
26-07-2023 14:00:57.913 INFO  [http-nio-8080-exec-2] c.a.s.util.logger.LoggingAspect.logAllMethodCallsAdvice : - To String com.ale.sneakerstoreapi.controller.PaypalController.addDefault(PaypalInput) is 150
26-07-2023 14:04:25.141 INFO  [http-nio-8080-exec-1] c.a.s.util.logger.LoggingAspect.logAllMethodCallsAdvice : From String com.ale.sneakerstoreapi.controller.PaypalController.addDefault(PaypalInput) is 2023-07-26T07:04:25.140Z
26-07-2023 14:04:25.317 INFO  [http-nio-8080-exec-1] c.a.s.util.logger.LoggingAspect.logAllMethodCallsAdvice : - To String com.ale.sneakerstoreapi.controller.PaypalController.addDefault(PaypalInput) is 177
26-07-2023 14:27:10.459 INFO  [http-nio-8080-exec-1] c.a.s.util.logger.LoggingAspect.logAllMethodCallsAdvice : From String com.ale.sneakerstoreapi.controller.PaypalController.addDefault(PaypalInput) is 2023-07-26T07:27:10.458Z
26-07-2023 14:28:23.811 INFO  [http-nio-8080-exec-2] c.a.s.util.logger.LoggingAspect.logAllMethodCallsAdvice : From String com.ale.sneakerstoreapi.controller.PaypalController.addDefault(PaypalInput) is 2023-07-26T07:28:23.810Z
26-07-2023 14:28:24.039 INFO  [http-nio-8080-exec-2] c.a.s.util.logger.LoggingAspect.logAllMethodCallsAdvice : - To String com.ale.sneakerstoreapi.controller.PaypalController.addDefault(PaypalInput) is 229
26-07-2023 14:29:18.675 INFO  [http-nio-8080-exec-3] c.a.s.util.logger.LoggingAspect.logAllMethodCallsAdvice : From String com.ale.sneakerstoreapi.controller.PaypalController.addDefault(PaypalInput) is 2023-07-26T07:29:18.675Z
26-07-2023 14:29:47.202 INFO  [http-nio-8080-exec-3] c.a.s.util.logger.LoggingAspect.logAllMethodCallsAdvice : - To String com.ale.sneakerstoreapi.controller.PaypalController.addDefault(PaypalInput) is 28527
26-07-2023 14:31:31.536 INFO  [http-nio-8080-exec-2] c.a.s.util.logger.LoggingAspect.logAllMethodCallsAdvice : From String com.ale.sneakerstoreapi.controller.PaypalController.addDefault(PaypalInput) is 2023-07-26T07:31:31.535Z
26-07-2023 14:31:57.380 INFO  [http-nio-8080-exec-2] c.a.s.util.logger.LoggingAspect.logAllMethodCallsAdvice : - To String com.ale.sneakerstoreapi.controller.PaypalController.addDefault(PaypalInput) is 25845
26-07-2023 14:33:26.868 INFO  [http-nio-8080-exec-5] c.a.s.util.logger.LoggingAspect.logAllMethodCallsAdvice : From String com.ale.sneakerstoreapi.controller.PaypalController.addDefault(PaypalInput) is 2023-07-26T07:33:26.868Z
26-07-2023 14:34:15.932 INFO  [http-nio-8080-exec-2] c.a.s.util.logger.LoggingAspect.logAllMethodCallsAdvice : From String com.ale.sneakerstoreapi.controller.PaypalController.addDefault(PaypalInput) is 2023-07-26T07:34:15.931Z
26-07-2023 14:35:18.267 INFO  [http-nio-8080-exec-2] c.a.s.util.logger.LoggingAspect.logAllMethodCallsAdvice : From String com.ale.sneakerstoreapi.controller.PaypalController.addDefault(PaypalInput) is 2023-07-26T07:35:18.267Z
26-07-2023 14:36:58.578 INFO  [http-nio-8080-exec-2] c.a.s.util.logger.LoggingAspect.logAllMethodCallsAdvice : From String com.ale.sneakerstoreapi.controller.PaypalController.addDefault(PaypalInput) is 2023-07-26T07:36:58.576Z
26-07-2023 14:37:50.059 INFO  [http-nio-8080-exec-6] c.a.s.util.logger.LoggingAspect.logAllMethodCallsAdvice : From String com.ale.sneakerstoreapi.controller.PaypalController.addDefault(PaypalInput) is 2023-07-26T07:37:50.059Z
26-07-2023 14:39:17.435 INFO  [http-nio-8080-exec-2] c.a.s.util.logger.LoggingAspect.logAllMethodCallsAdvice : From String com.ale.sneakerstoreapi.controller.PaypalController.addDefault(PaypalInput) is 2023-07-26T07:39:17.434Z
26-07-2023 14:39:47.031 INFO  [http-nio-8080-exec-1] c.a.s.util.logger.LoggingAspect.logAllMethodCallsAdvice : From String com.ale.sneakerstoreapi.controller.PaypalController.addDefault(PaypalInput) is 2023-07-26T07:39:47.030Z
26-07-2023 14:44:30.610 INFO  [http-nio-8080-exec-3] c.a.s.util.logger.LoggingAspect.logAllMethodCallsAdvice : From ResponseEntity com.ale.sneakerstoreapi.controller.AuthController.refresh(RefreshTokenInput) is 2023-07-26T07:44:30.610Z
26-07-2023 14:44:30.654 INFO  [http-nio-8080-exec-3] c.a.s.util.logger.LoggingAspect.logAllMethodCallsAdvice : - To ResponseEntity com.ale.sneakerstoreapi.controller.AuthController.refresh(RefreshTokenInput) is 44
26-07-2023 14:44:32.820 INFO  [http-nio-8080-exec-4] c.a.s.util.logger.LoggingAspect.logAllMethodCallsAdvice : From String com.ale.sneakerstoreapi.controller.PaypalController.addDefault(PaypalInput) is 2023-07-26T07:44:32.820Z
26-07-2023 14:49:12.779 INFO  [http-nio-8080-exec-2] c.a.s.util.logger.LoggingAspect.logAllMethodCallsAdvice : From String com.ale.sneakerstoreapi.controller.PaypalController.addDefault(PaypalInput) is 2023-07-26T07:49:12.779Z
26-07-2023 14:50:24.361 INFO  [http-nio-8080-exec-2] c.a.s.util.logger.LoggingAspect.logAllMethodCallsAdvice : From String com.ale.sneakerstoreapi.controller.PaypalController.addDefault(PaypalInput) is 2023-07-26T07:50:24.361Z
26-07-2023 14:50:53.905 INFO  [http-nio-8080-exec-2] c.a.s.util.logger.LoggingAspect.logAllMethodCallsAdvice : From String com.ale.sneakerstoreapi.controller.PaypalController.addDefault(PaypalInput) is 2023-07-26T07:50:53.904Z
26-07-2023 14:53:47.511 INFO  [http-nio-8080-exec-2] c.a.s.util.logger.LoggingAspect.logAllMethodCallsAdvice : From String com.ale.sneakerstoreapi.controller.PaypalController.addDefault(PaypalInput) is 2023-07-26T07:53:47.510Z
26-07-2023 14:53:54.421 INFO  [http-nio-8080-exec-5] c.a.s.util.logger.LoggingAspect.logAllMethodCallsAdvice : From String com.ale.sneakerstoreapi.controller.PaypalController.addDefault(PaypalInput) is 2023-07-26T07:53:54.421Z
26-07-2023 14:54:22.615 INFO  [http-nio-8080-exec-7] c.a.s.util.logger.LoggingAspect.logAllMethodCallsAdvice : From String com.ale.sneakerstoreapi.controller.PaypalController.addDefault(PaypalInput) is 2023-07-26T07:54:22.615Z
26-07-2023 14:55:42.801 INFO  [http-nio-8080-exec-3] c.a.s.util.logger.LoggingAspect.logAllMethodCallsAdvice : From String com.ale.sneakerstoreapi.controller.PaypalController.addDefault(PaypalInput) is 2023-07-26T07:55:42.801Z
26-07-2023 15:07:42.288 INFO  [http-nio-8080-exec-4] c.a.s.util.logger.LoggingAspect.logAllMethodCallsAdvice : From List com.ale.sneakerstoreapi.controller.ProductController.getProducts(QueryRequest) is 2023-07-26T08:07:42.288Z
26-07-2023 15:07:52.294 INFO  [http-nio-8080-exec-6] c.a.s.util.logger.LoggingAspect.logAllMethodCallsAdvice : From List com.ale.sneakerstoreapi.controller.ProductController.getProducts(QueryRequest) is 2023-07-26T08:07:52.294Z
26-07-2023 15:07:52.378 INFO  [http-nio-8080-exec-6] c.a.s.util.logger.LoggingAspect.logAllMethodCallsAdvice : - To List com.ale.sneakerstoreapi.controller.ProductController.getProducts(QueryRequest) is 84
26-07-2023 15:08:05.440 INFO  [http-nio-8080-exec-7] c.a.s.util.logger.LoggingAspect.logAllMethodCallsAdvice : From ProductView com.ale.sneakerstoreapi.controller.ProductController.getProduct(String) is 2023-07-26T08:08:05.440Z
26-07-2023 15:08:05.452 INFO  [http-nio-8080-exec-7] c.a.s.util.logger.LoggingAspect.logAllMethodCallsAdvice : - To ProductView com.ale.sneakerstoreapi.controller.ProductController.getProduct(String) is 12
26-07-2023 15:08:10.519 INFO  [http-nio-8080-exec-8] c.a.s.util.logger.LoggingAspect.logAllMethodCallsAdvice : From ProductView com.ale.sneakerstoreapi.controller.ProductController.insertProducts(ProductInput) is 2023-07-26T08:08:10.519Z
26-07-2023 15:08:10.612 INFO  [http-nio-8080-exec-8] c.a.s.util.logger.LoggingAspect.logAllMethodCallsAdvice : - To ProductView com.ale.sneakerstoreapi.controller.ProductController.insertProducts(ProductInput) is 93
26-07-2023 15:08:40.544 INFO  [http-nio-8080-exec-9] c.a.s.util.logger.LoggingAspect.logAllMethodCallsAdvice : From ProductUpdate com.ale.sneakerstoreapi.controller.ProductController.updateProducts(ProductUpdate,String) is 2023-07-26T08:08:40.544Z
26-07-2023 15:08:40.552 INFO  [http-nio-8080-exec-9] c.a.s.util.logger.LoggingAspect.logAllMethodCallsAdvice : - To ProductUpdate com.ale.sneakerstoreapi.controller.ProductController.updateProducts(ProductUpdate,String) is 8
26-07-2023 15:08:47.841 INFO  [http-nio-8080-exec-10] c.a.s.util.logger.LoggingAspect.logAllMethodCallsAdvice : From List com.ale.sneakerstoreapi.controller.OrderController.getOrders(QueryRequest,OrderOwner) is 2023-07-26T08:08:47.841Z
26-07-2023 15:08:47.888 INFO  [http-nio-8080-exec-10] c.a.s.util.logger.LoggingAspect.logAllMethodCallsAdvice : - To List com.ale.sneakerstoreapi.controller.OrderController.getOrders(QueryRequest,OrderOwner) is 47
26-07-2023 15:08:56.348 INFO  [http-nio-8080-exec-1] c.a.s.util.logger.LoggingAspect.logAllMethodCallsAdvice : From OrderView com.ale.sneakerstoreapi.controller.OrderController.getOrder(String,OrderOwner) is 2023-07-26T08:08:56.348Z
26-07-2023 15:08:56.361 INFO  [http-nio-8080-exec-1] c.a.s.util.logger.LoggingAspect.logAllMethodCallsAdvice : - To OrderView com.ale.sneakerstoreapi.controller.OrderController.getOrder(String,OrderOwner) is 13
26-07-2023 15:21:17.350 INFO  [http-nio-8080-exec-2] c.a.s.util.logger.LoggingAspect.logAllMethodCallsAdvice : From List com.ale.sneakerstoreapi.controller.OrderController.getOrders(QueryRequest,OrderOwner) is 2023-07-26T08:21:17.350Z
26-07-2023 15:21:17.429 INFO  [http-nio-8080-exec-2] c.a.s.util.logger.LoggingAspect.logAllMethodCallsAdvice : - To List com.ale.sneakerstoreapi.controller.OrderController.getOrders(QueryRequest,OrderOwner) is 79
26-07-2023 15:21:30.489 INFO  [http-nio-8080-exec-3] c.a.s.util.logger.LoggingAspect.logAllMethodCallsAdvice : From ProductView com.ale.sneakerstoreapi.controller.ProductController.getProduct(String) is 2023-07-26T08:21:30.489Z
26-07-2023 15:21:30.503 INFO  [http-nio-8080-exec-3] c.a.s.util.logger.LoggingAspect.logAllMethodCallsAdvice : - To ProductView com.ale.sneakerstoreapi.controller.ProductController.getProduct(String) is 14
26-07-2023 15:21:33.918 INFO  [http-nio-8080-exec-4] c.a.s.util.logger.LoggingAspect.logAllMethodCallsAdvice : From List com.ale.sneakerstoreapi.controller.ProductController.getProducts(QueryRequest) is 2023-07-26T08:21:33.918Z
26-07-2023 15:21:33.961 INFO  [http-nio-8080-exec-4] c.a.s.util.logger.LoggingAspect.logAllMethodCallsAdvice : - To List com.ale.sneakerstoreapi.controller.ProductController.getProducts(QueryRequest) is 43
26-07-2023 15:23:39.461 INFO  [http-nio-8080-exec-4] c.a.s.util.logger.LoggingAspect.logAllMethodCallsAdvice : From List com.ale.sneakerstoreapi.controller.ProductController.getProducts(QueryRequest) is 2023-07-26T08:23:39.460Z
26-07-2023 15:23:39.565 INFO  [http-nio-8080-exec-4] c.a.s.util.logger.LoggingAspect.logAllMethodCallsAdvice : - To List com.ale.sneakerstoreapi.controller.ProductController.getProducts(QueryRequest) is 105
26-07-2023 15:24:22.745 INFO  [http-nio-8080-exec-2] c.a.s.util.logger.LoggingAspect.logAllMethodCallsAdvice : From List com.ale.sneakerstoreapi.controller.ProductController.getProducts(QueryRequest) is 2023-07-26T08:24:22.744Z
26-07-2023 15:24:22.834 INFO  [http-nio-8080-exec-2] c.a.s.util.logger.LoggingAspect.logAllMethodCallsAdvice : - To List com.ale.sneakerstoreapi.controller.ProductController.getProducts(QueryRequest) is 90
26-07-2023 15:25:04.613 INFO  [http-nio-8080-exec-2] c.a.s.util.logger.LoggingAspect.logAllMethodCallsAdvice : From List com.ale.sneakerstoreapi.controller.ProductController.getProducts(QueryRequest) is 2023-07-26T08:25:04.609Z
26-07-2023 15:25:04.978 INFO  [http-nio-8080-exec-2] c.a.s.util.logger.LoggingAspect.logAllMethodCallsAdvice : - To List com.ale.sneakerstoreapi.controller.ProductController.getProducts(QueryRequest) is 369
26-07-2023 15:27:59.311 INFO  [http-nio-8080-exec-2] c.a.s.util.logger.LoggingAspect.logAllMethodCallsAdvice : From List com.ale.sneakerstoreapi.controller.ProductController.getProducts(QueryRequest) is 2023-07-26T08:27:59.310Z
26-07-2023 15:27:59.407 INFO  [http-nio-8080-exec-2] c.a.s.util.logger.LoggingAspect.logAllMethodCallsAdvice : - To List com.ale.sneakerstoreapi.controller.ProductController.getProducts(QueryRequest) is 97
26-07-2023 15:28:13.033 INFO  [http-nio-8080-exec-3] c.a.s.util.logger.LoggingAspect.logAllMethodCallsAdvice : From ProductView com.ale.sneakerstoreapi.controller.ProductController.getProduct(String) is 2023-07-26T08:28:13.033Z
26-07-2023 15:28:13.040 INFO  [http-nio-8080-exec-3] c.a.s.util.logger.LoggingAspect.logAllMethodCallsAdvice : - To ProductView com.ale.sneakerstoreapi.controller.ProductController.getProduct(String) is 7
26-07-2023 15:29:12.555 INFO  [http-nio-8080-exec-1] c.a.s.util.logger.LoggingAspect.logAllMethodCallsAdvice : From ProductView com.ale.sneakerstoreapi.controller.ProductController.getProduct(String) is 2023-07-26T08:29:12.555Z
26-07-2023 15:29:12.608 INFO  [http-nio-8080-exec-1] c.a.s.util.logger.LoggingAspect.logAllMethodCallsAdvice : - To ProductView com.ale.sneakerstoreapi.controller.ProductController.getProduct(String) is 53
26-07-2023 15:29:58.676 INFO  [http-nio-8080-exec-2] c.a.s.util.logger.LoggingAspect.logAllMethodCallsAdvice : From ProductView com.ale.sneakerstoreapi.controller.ProductController.getProduct(String) is 2023-07-26T08:29:58.675Z
26-07-2023 15:29:58.725 INFO  [http-nio-8080-exec-2] c.a.s.util.logger.LoggingAspect.logAllMethodCallsAdvice : - To ProductView com.ale.sneakerstoreapi.controller.ProductController.getProduct(String) is 50
26-07-2023 15:30:22.915 INFO  [http-nio-8080-exec-3] c.a.s.util.logger.LoggingAspect.logAllMethodCallsAdvice : From ProductView com.ale.sneakerstoreapi.controller.ProductController.getProduct(String) is 2023-07-26T08:30:22.915Z
26-07-2023 15:30:22.971 INFO  [http-nio-8080-exec-3] c.a.s.util.logger.LoggingAspect.logAllMethodCallsAdvice : - To ProductView com.ale.sneakerstoreapi.controller.ProductController.getProduct(String) is 56
26-07-2023 15:30:55.203 INFO  [http-nio-8080-exec-4] c.a.s.util.logger.LoggingAspect.logAllMethodCallsAdvice : From ProductView com.ale.sneakerstoreapi.controller.ProductController.getProduct(String) is 2023-07-26T08:30:55.203Z
26-07-2023 15:30:55.252 INFO  [http-nio-8080-exec-4] c.a.s.util.logger.LoggingAspect.logAllMethodCallsAdvice : - To ProductView com.ale.sneakerstoreapi.controller.ProductController.getProduct(String) is 49
26-07-2023 15:32:02.047 INFO  [http-nio-8080-exec-2] c.a.s.util.logger.LoggingAspect.logAllMethodCallsAdvice : From ProductView com.ale.sneakerstoreapi.controller.ProductController.getProduct(String) is 2023-07-26T08:32:02.046Z
26-07-2023 15:32:02.093 INFO  [http-nio-8080-exec-2] c.a.s.util.logger.LoggingAspect.logAllMethodCallsAdvice : - To ProductView com.ale.sneakerstoreapi.controller.ProductController.getProduct(String) is 47
26-07-2023 15:32:09.127 INFO  [http-nio-8080-exec-3] c.a.s.util.logger.LoggingAspect.logAllMethodCallsAdvice : From List com.ale.sneakerstoreapi.controller.OrderController.getOrders(QueryRequest,OrderOwner) is 2023-07-26T08:32:09.127Z
26-07-2023 15:32:09.175 INFO  [http-nio-8080-exec-3] c.a.s.util.logger.LoggingAspect.logAllMethodCallsAdvice : - To List com.ale.sneakerstoreapi.controller.OrderController.getOrders(QueryRequest,OrderOwner) is 48
26-07-2023 15:32:49.593 INFO  [http-nio-8080-exec-2] c.a.s.util.logger.LoggingAspect.logAllMethodCallsAdvice : From List com.ale.sneakerstoreapi.controller.OrderController.getOrders(QueryRequest,OrderOwner) is 2023-07-26T08:32:49.592Z
26-07-2023 15:32:49.686 INFO  [http-nio-8080-exec-2] c.a.s.util.logger.LoggingAspect.logAllMethodCallsAdvice : - To List com.ale.sneakerstoreapi.controller.OrderController.getOrders(QueryRequest,OrderOwner) is 94
26-07-2023 15:33:30.419 INFO  [http-nio-8080-exec-1] c.a.s.util.logger.LoggingAspect.logAllMethodCallsAdvice : From ProductView com.ale.sneakerstoreapi.controller.ProductController.getProduct(String) is 2023-07-26T08:33:30.418Z
26-07-2023 15:33:30.490 INFO  [http-nio-8080-exec-1] c.a.s.util.logger.LoggingAspect.logAllMethodCallsAdvice : - To ProductView com.ale.sneakerstoreapi.controller.ProductController.getProduct(String) is 72
26-07-2023 15:33:36.738 INFO  [http-nio-8080-exec-3] c.a.s.util.logger.LoggingAspect.logAllMethodCallsAdvice : From List com.ale.sneakerstoreapi.controller.OrderController.getOrders(QueryRequest,OrderOwner) is 2023-07-26T08:33:36.738Z
26-07-2023 15:33:36.780 INFO  [http-nio-8080-exec-3] c.a.s.util.logger.LoggingAspect.logAllMethodCallsAdvice : - To List com.ale.sneakerstoreapi.controller.OrderController.getOrders(QueryRequest,OrderOwner) is 42
26-07-2023 15:33:43.792 INFO  [http-nio-8080-exec-4] c.a.s.util.logger.LoggingAspect.logAllMethodCallsAdvice : From OrderView com.ale.sneakerstoreapi.controller.OrderController.getOrder(String,OrderOwner) is 2023-07-26T08:33:43.792Z
26-07-2023 15:33:43.806 INFO  [http-nio-8080-exec-4] c.a.s.util.logger.LoggingAspect.logAllMethodCallsAdvice : - To OrderView com.ale.sneakerstoreapi.controller.OrderController.getOrder(String,OrderOwner) is 14
26-07-2023 15:33:49.601 INFO  [http-nio-8080-exec-5] c.a.s.util.logger.LoggingAspect.logAllMethodCallsAdvice : From OrderView com.ale.sneakerstoreapi.controller.OrderController.createOrder(OrderInput) is 2023-07-26T08:33:49.601Z
26-07-2023 15:33:49.689 INFO  [http-nio-8080-exec-5] c.a.s.util.logger.LoggingAspect.logAllMethodCallsAdvice : - To OrderView com.ale.sneakerstoreapi.controller.OrderController.createOrder(OrderInput) is 88
